<?xml version="1.0" encoding="UTF-8"?>
<!-- Generated by org.testng.reporters.JUnitXMLReporter -->
<testsuite ignored="0" hostname="LAPTOP-MO9A1J0F" failures="0" tests="3" name="Surefire test" time="5.142" errors="0" timestamp="2026-09-17T11:23:06 IST">
  <testcase classname="com.qe.automation.tests.CreateUserTest" name="createUserTest" time="3.344"/>
  <testcase classname="com.qe.automation.tests.FirstApiTest" name="getUsersTest" time="0.956"/>
  <testcase classname="com.qe.automation.tests.GetUserTest" name="getSingleUserTest" time="0.794"/>
</testsuite> <!-- Surefire test -->
