<?xml version="1.0" encoding="UTF-8"?>
<!-- Generated by org.testng.reporters.JUnitXMLReporter -->
<testsuite ignored="0" hostname="LAPTOP-MO9A1J0F" failures="0" tests="5" name="Surefire test" time="5.99" errors="0" timestamp="2026-09-17T11:26:45 IST">
  <testcase classname="com.qe.automation.tests.CreateUserTest" name="createUserTest" time="3.37"/>
  <testcase classname="com.qe.automation.tests.DeleteUserTest" name="deleteUserTest" time="0.538"/>
  <testcase classname="com.qe.automation.tests.FirstApiTest" name="getUsersTest" time="0.823"/>
  <testcase classname="com.qe.automation.tests.GetUserTest" name="getSingleUserTest" time="0.753"/>
  <testcase classname="com.qe.automation.tests.UpdateUserTest" name="updateUserTest" time="0.436"/>
</testsuite> <!-- Surefire test -->
