<?xml version="1.0" encoding="UTF-8"?>
<testng-results ignored="0" total="3" passed="3" failed="0" skipped="0">
  <reporter-output>
  </reporter-output>
  <suite started-at="2026-09-17T11:20:10 IST" name="Surefire suite" finished-at="2026-09-17T11:20:16 IST" duration-ms="6632">
    <groups>
    </groups>
    <test started-at="2026-09-17T11:20:10 IST" name="Surefire test" finished-at="2026-09-17T11:20:16 IST" duration-ms="6632">
      <class name="com.qe.automation.tests.CreateUserTest">
        <test-method signature="createUserTest()[pri:0, instance:com.qe.automation.tests.CreateUserTest@491666ad]" started-at="2026-09-17T11:20:10 IST" name="createUserTest" finished-at="2026-09-17T11:20:15 IST" duration-ms="4773" status="PASS">
          <reporter-output>
          </reporter-output>
        </test-method> <!-- createUserTest -->
      </class> <!-- com.qe.automation.tests.CreateUserTest -->
      <class name="com.qe.automation.tests.GetUserTest">
        <test-method signature="getSingleUserTest()[pri:0, instance:com.qe.automation.tests.GetUserTest@18a70f16]" started-at="2026-09-17T11:20:16 IST" name="getSingleUserTest" finished-at="2026-09-17T11:20:16 IST" duration-ms="732" status="PASS">
          <reporter-output>
          </reporter-output>
        </test-method> <!-- getSingleUserTest -->
      </class> <!-- com.qe.automation.tests.GetUserTest -->
      <class name="com.qe.automation.tests.FirstApiTest">
        <test-method signature="getUsersTest()[pri:0, instance:com.qe.automation.tests.FirstApiTest@51b7e5df]" started-at="2026-09-17T11:20:15 IST" name="getUsersTest" finished-at="2026-09-17T11:20:16 IST" duration-ms="1076" status="PASS">
          <reporter-output>
          </reporter-output>
        </test-method> <!-- getUsersTest -->
      </class> <!-- com.qe.automation.tests.FirstApiTest -->
    </test> <!-- Surefire test -->
  </suite> <!-- Surefire suite -->
</testng-results>
