<?xml version="1.0" encoding="UTF-8"?>
<testng-results ignored="0" total="1" passed="1" failed="0" skipped="0">
  <reporter-output>
  </reporter-output>
  <suite started-at="2026-09-17T11:04:37 IST" name="Surefire suite" finished-at="2026-09-17T11:04:40 IST" duration-ms="3761">
    <groups>
    </groups>
    <test started-at="2026-09-17T11:04:37 IST" name="Surefire test" finished-at="2026-09-17T11:04:40 IST" duration-ms="3761">
      <class name="com.qe.automation.tests.FirstApiTest">
        <test-method signature="getUsersTest()[pri:0, instance:com.qe.automation.tests.FirstApiTest@6b53e23f]" started-at="2026-09-17T11:04:37 IST" name="getUsersTest" finished-at="2026-09-17T11:04:40 IST" duration-ms="3723" status="PASS">
          <reporter-output>
          </reporter-output>
        </test-method> <!-- getUsersTest -->
      </class> <!-- com.qe.automation.tests.FirstApiTest -->
    </test> <!-- Surefire test -->
  </suite> <!-- Surefire suite -->
</testng-results>
